<?xml version="1.0" encoding="UTF-8"?>
<!-- Generated by org.testng.reporters.JUnitReportReporter -->
<testsuite hostname="DESKTOP-PAJQIH8" failures="0" tests="1" name="tests.Test1" time="0.015" errors="0" timestamp="2019-10-24T19:17:52 EDT" skipped="0">
  <testcase classname="tests.Test1" name="printClass" time="0.015"/>
</testsuite> <!-- tests.Test1 -->
