<?xml version="1.0" encoding="UTF-8"?>
<!-- Generated by org.testng.reporters.JUnitReportReporter -->
<testsuite hostname="DESKTOP-PAJQIH8" failures="0" tests="1" name="tests.NewTest" time="3.645" errors="0" timestamp="2019-10-24T19:08:34 EDT" skipped="0">
  <testcase classname="tests.NewTest" name="openMyBlog" time="3.645"/>
</testsuite> <!-- tests.NewTest -->
